<?xml version="1.0" encoding="UTF-8"?>
<testsuites name="Mocha Tests" time="0.437" tests="1" failures="1">
  <testsuite name="Root Suite" timestamp="2025-02-10T05:08:08" tests="0" file="cypress\e2e\features\placeholder\teste.feature" time="0.000" failures="0">
  </testsuite>
  <testsuite name="Teste Simples" timestamp="2025-02-10T05:08:08" tests="1" time="0.418" failures="1">
    <testcase name="Teste Simples Validar se os steps estão carregando" time="0.000" classname="Validar se os steps estão carregando">
      <failure message="
Step implementation missing for &quot;um passo de teste&quot;.

We tried searching for files containing step definitions using the following search pattern templates:

  - cypress/support/steps/**/

These templates resolved to the following search patterns:

  - cypress/support/steps/**/

These patterns matched **no files** containing step definitions. This almost certainly means that you have misconfigured `stepDefinitions`.

You can implement it using the suggestion(s) below.

  Given(&quot;um passo de teste&quot;, function () {
    return &quot;pending&quot;;
  });
  " type="Error"><![CDATA[Error: 
Step implementation missing for "um passo de teste".

We tried searching for files containing step definitions using the following search pattern templates:

  - cypress/support/steps/**/

These templates resolved to the following search patterns:

  - cypress/support/steps/**/

These patterns matched **no files** containing step definitions. This almost certainly means that you have misconfigured `stepDefinitions`.

You can implement it using the suggestion(s) below.

  Given("um passo de teste", function () {
    return "pending";
  });
  
    at Context.eval (http://localhost:64281/__cypress/tests?p=cypress\e2e\features\placeholder\teste.feature:13358:29)
    at getRet (http://localhost:64281/__cypress/runner/cypress_runner.js:118278:20)
    at tryCatcher (http://localhost:64281/__cypress/runner/cypress_runner.js:1777:23)
    at Promise.attempt.Promise.try (http://localhost:64281/__cypress/runner/cypress_runner.js:4285:29)
    at Context.thenFn (http://localhost:64281/__cypress/runner/cypress_runner.js:118289:66)
    at Context.then (http://localhost:64281/__cypress/runner/cypress_runner.js:118540:21)
    at wrapped (http://localhost:64281/__cypress/runner/cypress_runner.js:137823:19)
    at <unknown> (http://localhost:64281/__cypress/runner/cypress_runner.js:143746:15)
    at tryCatcher (http://localhost:64281/__cypress/runner/cypress_runner.js:1777:23)]]></failure>
    </testcase>
  </testsuite>
</testsuites>